INFO:django.utils.autoreload:C:\Users\ROOT\PycharmProjects\cv_ai\job_posting\views.py changed, reloading.
INFO:django.utils.autoreload:C:\Users\ROOT\PycharmProjects\cv_ai\job_posting\views.py changed, reloading.
ERROR:django.request:Internal Server Error: /hr/dashboard/Python developer/
Traceback (most recent call last):
  File "C:\Users\ROOT\PycharmProjects\cv_ai\venv\lib\site-packages\django\core\handlers\exception.py", line 55, in inner
    response = get_response(request)
  File "C:\Users\ROOT\PycharmProjects\cv_ai\venv\lib\site-packages\django\core\handlers\base.py", line 197, in _get_response
    response = wrapped_callback(request, *callback_args, **callback_kwargs)
  File "C:\Users\ROOT\PycharmProjects\cv_ai\venv\lib\site-packages\django\contrib\auth\decorators.py", line 23, in _wrapped_view
    return view_func(request, *args, **kwargs)
  File "C:\Users\ROOT\PycharmProjects\cv_ai\job_posting\decorators.py", line 9, in wrapper
    return view_func(request, *args, **kwargs)
  File "C:\Users\ROOT\PycharmProjects\cv_ai\job_posting\views.py", line 189, in dashboard
    return render(request, "dashboard.html", {'title': 'Dashboard',
  File "C:\Users\ROOT\PycharmProjects\cv_ai\venv\lib\site-packages\django\shortcuts.py", line 24, in render
    content = loader.render_to_string(template_name, context, request, using=using)
  File "C:\Users\ROOT\PycharmProjects\cv_ai\venv\lib\site-packages\django\template\loader.py", line 62, in render_to_string
    return template.render(context, request)
  File "C:\Users\ROOT\PycharmProjects\cv_ai\venv\lib\site-packages\django\template\backends\django.py", line 62, in render
    return self.template.render(context)
  File "C:\Users\ROOT\PycharmProjects\cv_ai\venv\lib\site-packages\django\template\base.py", line 175, in render
    return self._render(context)
  File "C:\Users\ROOT\PycharmProjects\cv_ai\venv\lib\site-packages\django\template\base.py", line 167, in _render
    return self.nodelist.render(context)
  File "C:\Users\ROOT\PycharmProjects\cv_ai\venv\lib\site-packages\django\template\base.py", line 1005, in render
    return SafeString("".join([node.render_annotated(context) for node in self]))
  File "C:\Users\ROOT\PycharmProjects\cv_ai\venv\lib\site-packages\django\template\base.py", line 1005, in <listcomp>
    return SafeString("".join([node.render_annotated(context) for node in self]))
  File "C:\Users\ROOT\PycharmProjects\cv_ai\venv\lib\site-packages\django\template\base.py", line 966, in render_annotated
    return self.render(context)
  File "C:\Users\ROOT\PycharmProjects\cv_ai\venv\lib\site-packages\django\template\loader_tags.py", line 157, in render
    return compiled_parent._render(context)
  File "C:\Users\ROOT\PycharmProjects\cv_ai\venv\lib\site-packages\django\template\base.py", line 167, in _render
    return self.nodelist.render(context)
  File "C:\Users\ROOT\PycharmProjects\cv_ai\venv\lib\site-packages\django\template\base.py", line 1005, in render
    return SafeString("".join([node.render_annotated(context) for node in self]))
  File "C:\Users\ROOT\PycharmProjects\cv_ai\venv\lib\site-packages\django\template\base.py", line 1005, in <listcomp>
    return SafeString("".join([node.render_annotated(context) for node in self]))
  File "C:\Users\ROOT\PycharmProjects\cv_ai\venv\lib\site-packages\django\template\base.py", line 966, in render_annotated
    return self.render(context)
  File "C:\Users\ROOT\PycharmProjects\cv_ai\venv\lib\site-packages\django\template\loader_tags.py", line 63, in render
    result = block.nodelist.render(context)
  File "C:\Users\ROOT\PycharmProjects\cv_ai\venv\lib\site-packages\django\template\base.py", line 1005, in render
    return SafeString("".join([node.render_annotated(context) for node in self]))
  File "C:\Users\ROOT\PycharmProjects\cv_ai\venv\lib\site-packages\django\template\base.py", line 1005, in <listcomp>
    return SafeString("".join([node.render_annotated(context) for node in self]))
  File "C:\Users\ROOT\PycharmProjects\cv_ai\venv\lib\site-packages\django\template\base.py", line 966, in render_annotated
    return self.render(context)
  File "C:\Users\ROOT\PycharmProjects\cv_ai\venv\lib\site-packages\django\template\defaulttags.py", line 322, in render
    return nodelist.render(context)
  File "C:\Users\ROOT\PycharmProjects\cv_ai\venv\lib\site-packages\django\template\base.py", line 1005, in render
    return SafeString("".join([node.render_annotated(context) for node in self]))
  File "C:\Users\ROOT\PycharmProjects\cv_ai\venv\lib\site-packages\django\template\base.py", line 1005, in <listcomp>
    return SafeString("".join([node.render_annotated(context) for node in self]))
  File "C:\Users\ROOT\PycharmProjects\cv_ai\venv\lib\site-packages\django\template\base.py", line 966, in render_annotated
    return self.render(context)
  File "C:\Users\ROOT\PycharmProjects\cv_ai\venv\lib\site-packages\django\template\defaulttags.py", line 238, in render
    nodelist.append(node.render_annotated(context))
  File "C:\Users\ROOT\PycharmProjects\cv_ai\venv\lib\site-packages\django\template\base.py", line 966, in render_annotated
    return self.render(context)
  File "C:\Users\ROOT\PycharmProjects\cv_ai\venv\lib\site-packages\django\template\defaulttags.py", line 322, in render
    return nodelist.render(context)
  File "C:\Users\ROOT\PycharmProjects\cv_ai\venv\lib\site-packages\django\template\base.py", line 1005, in render
    return SafeString("".join([node.render_annotated(context) for node in self]))
  File "C:\Users\ROOT\PycharmProjects\cv_ai\venv\lib\site-packages\django\template\base.py", line 1005, in <listcomp>
    return SafeString("".join([node.render_annotated(context) for node in self]))
  File "C:\Users\ROOT\PycharmProjects\cv_ai\venv\lib\site-packages\django\template\base.py", line 966, in render_annotated
    return self.render(context)
  File "C:\Users\ROOT\PycharmProjects\cv_ai\venv\lib\site-packages\django\template\defaulttags.py", line 472, in render
    url = reverse(view_name, args=args, kwargs=kwargs, current_app=current_app)
  File "C:\Users\ROOT\PycharmProjects\cv_ai\venv\lib\site-packages\django\urls\base.py", line 88, in reverse
    return resolver._reverse_with_prefix(view, prefix, *args, **kwargs)
  File "C:\Users\ROOT\PycharmProjects\cv_ai\venv\lib\site-packages\django\urls\resolvers.py", line 828, in _reverse_with_prefix
    raise NoReverseMatch(msg)
django.urls.exceptions.NoReverseMatch: Reverse for 'candidate_info' with arguments '('',)' not found. 1 pattern(s) tried: ['info/(?P<user>[-a-zA-Z0-9_]+)/\\Z']
INFO:job_posting.views:function: wrapper, msg:HumanResource matching query does not exist.
INFO:job_posting.views:function: wrapper, msg:HumanResource matching query does not exist.
INFO:job_posting.views:function: wrapper, msg:HumanResource matching query does not exist.
ERROR:django.request:Internal Server Error: /hr/dashboard/Python developer/
Traceback (most recent call last):
  File "C:\Users\ROOT\PycharmProjects\cv_ai\venv\lib\site-packages\django\core\handlers\exception.py", line 55, in inner
    response = get_response(request)
  File "C:\Users\ROOT\PycharmProjects\cv_ai\venv\lib\site-packages\django\core\handlers\base.py", line 197, in _get_response
    response = wrapped_callback(request, *callback_args, **callback_kwargs)
  File "C:\Users\ROOT\PycharmProjects\cv_ai\venv\lib\site-packages\django\contrib\auth\decorators.py", line 23, in _wrapped_view
    return view_func(request, *args, **kwargs)
  File "C:\Users\ROOT\PycharmProjects\cv_ai\job_posting\decorators.py", line 9, in wrapper
    return view_func(request, *args, **kwargs)
  File "C:\Users\ROOT\PycharmProjects\cv_ai\job_posting\views.py", line 189, in dashboard
    return render(request, "dashboard.html", {'title': 'Dashboard',
  File "C:\Users\ROOT\PycharmProjects\cv_ai\venv\lib\site-packages\django\shortcuts.py", line 24, in render
    content = loader.render_to_string(template_name, context, request, using=using)
  File "C:\Users\ROOT\PycharmProjects\cv_ai\venv\lib\site-packages\django\template\loader.py", line 62, in render_to_string
    return template.render(context, request)
  File "C:\Users\ROOT\PycharmProjects\cv_ai\venv\lib\site-packages\django\template\backends\django.py", line 62, in render
    return self.template.render(context)
  File "C:\Users\ROOT\PycharmProjects\cv_ai\venv\lib\site-packages\django\template\base.py", line 175, in render
    return self._render(context)
  File "C:\Users\ROOT\PycharmProjects\cv_ai\venv\lib\site-packages\django\template\base.py", line 167, in _render
    return self.nodelist.render(context)
  File "C:\Users\ROOT\PycharmProjects\cv_ai\venv\lib\site-packages\django\template\base.py", line 1005, in render
    return SafeString("".join([node.render_annotated(context) for node in self]))
  File "C:\Users\ROOT\PycharmProjects\cv_ai\venv\lib\site-packages\django\template\base.py", line 1005, in <listcomp>
    return SafeString("".join([node.render_annotated(context) for node in self]))
  File "C:\Users\ROOT\PycharmProjects\cv_ai\venv\lib\site-packages\django\template\base.py", line 966, in render_annotated
    return self.render(context)
  File "C:\Users\ROOT\PycharmProjects\cv_ai\venv\lib\site-packages\django\template\loader_tags.py", line 157, in render
    return compiled_parent._render(context)
  File "C:\Users\ROOT\PycharmProjects\cv_ai\venv\lib\site-packages\django\template\base.py", line 167, in _render
    return self.nodelist.render(context)
  File "C:\Users\ROOT\PycharmProjects\cv_ai\venv\lib\site-packages\django\template\base.py", line 1005, in render
    return SafeString("".join([node.render_annotated(context) for node in self]))
  File "C:\Users\ROOT\PycharmProjects\cv_ai\venv\lib\site-packages\django\template\base.py", line 1005, in <listcomp>
    return SafeString("".join([node.render_annotated(context) for node in self]))
  File "C:\Users\ROOT\PycharmProjects\cv_ai\venv\lib\site-packages\django\template\base.py", line 966, in render_annotated
    return self.render(context)
  File "C:\Users\ROOT\PycharmProjects\cv_ai\venv\lib\site-packages\django\template\loader_tags.py", line 63, in render
    result = block.nodelist.render(context)
  File "C:\Users\ROOT\PycharmProjects\cv_ai\venv\lib\site-packages\django\template\base.py", line 1005, in render
    return SafeString("".join([node.render_annotated(context) for node in self]))
  File "C:\Users\ROOT\PycharmProjects\cv_ai\venv\lib\site-packages\django\template\base.py", line 1005, in <listcomp>
    return SafeString("".join([node.render_annotated(context) for node in self]))
  File "C:\Users\ROOT\PycharmProjects\cv_ai\venv\lib\site-packages\django\template\base.py", line 966, in render_annotated
    return self.render(context)
  File "C:\Users\ROOT\PycharmProjects\cv_ai\venv\lib\site-packages\django\template\defaulttags.py", line 322, in render
    return nodelist.render(context)
  File "C:\Users\ROOT\PycharmProjects\cv_ai\venv\lib\site-packages\django\template\base.py", line 1005, in render
    return SafeString("".join([node.render_annotated(context) for node in self]))
  File "C:\Users\ROOT\PycharmProjects\cv_ai\venv\lib\site-packages\django\template\base.py", line 1005, in <listcomp>
    return SafeString("".join([node.render_annotated(context) for node in self]))
  File "C:\Users\ROOT\PycharmProjects\cv_ai\venv\lib\site-packages\django\template\base.py", line 966, in render_annotated
    return self.render(context)
  File "C:\Users\ROOT\PycharmProjects\cv_ai\venv\lib\site-packages\django\template\defaulttags.py", line 238, in render
    nodelist.append(node.render_annotated(context))
  File "C:\Users\ROOT\PycharmProjects\cv_ai\venv\lib\site-packages\django\template\base.py", line 966, in render_annotated
    return self.render(context)
  File "C:\Users\ROOT\PycharmProjects\cv_ai\venv\lib\site-packages\django\template\defaulttags.py", line 322, in render
    return nodelist.render(context)
  File "C:\Users\ROOT\PycharmProjects\cv_ai\venv\lib\site-packages\django\template\base.py", line 1005, in render
    return SafeString("".join([node.render_annotated(context) for node in self]))
  File "C:\Users\ROOT\PycharmProjects\cv_ai\venv\lib\site-packages\django\template\base.py", line 1005, in <listcomp>
    return SafeString("".join([node.render_annotated(context) for node in self]))
  File "C:\Users\ROOT\PycharmProjects\cv_ai\venv\lib\site-packages\django\template\base.py", line 966, in render_annotated
    return self.render(context)
  File "C:\Users\ROOT\PycharmProjects\cv_ai\venv\lib\site-packages\django\template\defaulttags.py", line 472, in render
    url = reverse(view_name, args=args, kwargs=kwargs, current_app=current_app)
  File "C:\Users\ROOT\PycharmProjects\cv_ai\venv\lib\site-packages\django\urls\base.py", line 88, in reverse
    return resolver._reverse_with_prefix(view, prefix, *args, **kwargs)
  File "C:\Users\ROOT\PycharmProjects\cv_ai\venv\lib\site-packages\django\urls\resolvers.py", line 828, in _reverse_with_prefix
    raise NoReverseMatch(msg)
django.urls.exceptions.NoReverseMatch: Reverse for 'candidate_info' with arguments '('',)' not found. 1 pattern(s) tried: ['info/(?P<user>[-a-zA-Z0-9_]+)/\\Z']
INFO:django.utils.autoreload:C:\Users\ROOT\PycharmProjects\cv_ai\job_posting\urls.py changed, reloading.
INFO:job_posting.views:function: wrapper, msg:Reverse for 'dashboard' with arguments '('Python developer',)' not found. 1 pattern(s) tried: ['hr/(?P<user>[-a-zA-Z0-9_]+)/all/dashboard/(?P<title>[^/]+)/\\Z']
INFO:django.utils.autoreload:C:\Users\ROOT\PycharmProjects\cv_ai\job_posting\urls.py changed, reloading.
ERROR:django.request:Internal Server Error: /hr/dashboard/Python developer/
Traceback (most recent call last):
  File "C:\Users\ROOT\PycharmProjects\cv_ai\venv\lib\site-packages\django\core\handlers\exception.py", line 55, in inner
    response = get_response(request)
  File "C:\Users\ROOT\PycharmProjects\cv_ai\venv\lib\site-packages\django\core\handlers\base.py", line 197, in _get_response
    response = wrapped_callback(request, *callback_args, **callback_kwargs)
  File "C:\Users\ROOT\PycharmProjects\cv_ai\venv\lib\site-packages\django\contrib\auth\decorators.py", line 23, in _wrapped_view
    return view_func(request, *args, **kwargs)
  File "C:\Users\ROOT\PycharmProjects\cv_ai\job_posting\decorators.py", line 9, in wrapper
    return view_func(request, *args, **kwargs)
  File "C:\Users\ROOT\PycharmProjects\cv_ai\job_posting\views.py", line 189, in dashboard
    return render(request, "dashboard.html", {'title': 'Dashboard',
  File "C:\Users\ROOT\PycharmProjects\cv_ai\venv\lib\site-packages\django\shortcuts.py", line 24, in render
    content = loader.render_to_string(template_name, context, request, using=using)
  File "C:\Users\ROOT\PycharmProjects\cv_ai\venv\lib\site-packages\django\template\loader.py", line 62, in render_to_string
    return template.render(context, request)
  File "C:\Users\ROOT\PycharmProjects\cv_ai\venv\lib\site-packages\django\template\backends\django.py", line 62, in render
    return self.template.render(context)
  File "C:\Users\ROOT\PycharmProjects\cv_ai\venv\lib\site-packages\django\template\base.py", line 175, in render
    return self._render(context)
  File "C:\Users\ROOT\PycharmProjects\cv_ai\venv\lib\site-packages\django\template\base.py", line 167, in _render
    return self.nodelist.render(context)
  File "C:\Users\ROOT\PycharmProjects\cv_ai\venv\lib\site-packages\django\template\base.py", line 1005, in render
    return SafeString("".join([node.render_annotated(context) for node in self]))
  File "C:\Users\ROOT\PycharmProjects\cv_ai\venv\lib\site-packages\django\template\base.py", line 1005, in <listcomp>
    return SafeString("".join([node.render_annotated(context) for node in self]))
  File "C:\Users\ROOT\PycharmProjects\cv_ai\venv\lib\site-packages\django\template\base.py", line 966, in render_annotated
    return self.render(context)
  File "C:\Users\ROOT\PycharmProjects\cv_ai\venv\lib\site-packages\django\template\loader_tags.py", line 157, in render
    return compiled_parent._render(context)
  File "C:\Users\ROOT\PycharmProjects\cv_ai\venv\lib\site-packages\django\template\base.py", line 167, in _render
    return self.nodelist.render(context)
  File "C:\Users\ROOT\PycharmProjects\cv_ai\venv\lib\site-packages\django\template\base.py", line 1005, in render
    return SafeString("".join([node.render_annotated(context) for node in self]))
  File "C:\Users\ROOT\PycharmProjects\cv_ai\venv\lib\site-packages\django\template\base.py", line 1005, in <listcomp>
    return SafeString("".join([node.render_annotated(context) for node in self]))
  File "C:\Users\ROOT\PycharmProjects\cv_ai\venv\lib\site-packages\django\template\base.py", line 966, in render_annotated
    return self.render(context)
  File "C:\Users\ROOT\PycharmProjects\cv_ai\venv\lib\site-packages\django\template\loader_tags.py", line 63, in render
    result = block.nodelist.render(context)
  File "C:\Users\ROOT\PycharmProjects\cv_ai\venv\lib\site-packages\django\template\base.py", line 1005, in render
    return SafeString("".join([node.render_annotated(context) for node in self]))
  File "C:\Users\ROOT\PycharmProjects\cv_ai\venv\lib\site-packages\django\template\base.py", line 1005, in <listcomp>
    return SafeString("".join([node.render_annotated(context) for node in self]))
  File "C:\Users\ROOT\PycharmProjects\cv_ai\venv\lib\site-packages\django\template\base.py", line 966, in render_annotated
    return self.render(context)
  File "C:\Users\ROOT\PycharmProjects\cv_ai\venv\lib\site-packages\django\template\defaulttags.py", line 322, in render
    return nodelist.render(context)
  File "C:\Users\ROOT\PycharmProjects\cv_ai\venv\lib\site-packages\django\template\base.py", line 1005, in render
    return SafeString("".join([node.render_annotated(context) for node in self]))
  File "C:\Users\ROOT\PycharmProjects\cv_ai\venv\lib\site-packages\django\template\base.py", line 1005, in <listcomp>
    return SafeString("".join([node.render_annotated(context) for node in self]))
  File "C:\Users\ROOT\PycharmProjects\cv_ai\venv\lib\site-packages\django\template\base.py", line 966, in render_annotated
    return self.render(context)
  File "C:\Users\ROOT\PycharmProjects\cv_ai\venv\lib\site-packages\django\template\defaulttags.py", line 238, in render
    nodelist.append(node.render_annotated(context))
  File "C:\Users\ROOT\PycharmProjects\cv_ai\venv\lib\site-packages\django\template\base.py", line 966, in render_annotated
    return self.render(context)
  File "C:\Users\ROOT\PycharmProjects\cv_ai\venv\lib\site-packages\django\template\defaulttags.py", line 322, in render
    return nodelist.render(context)
  File "C:\Users\ROOT\PycharmProjects\cv_ai\venv\lib\site-packages\django\template\base.py", line 1005, in render
    return SafeString("".join([node.render_annotated(context) for node in self]))
  File "C:\Users\ROOT\PycharmProjects\cv_ai\venv\lib\site-packages\django\template\base.py", line 1005, in <listcomp>
    return SafeString("".join([node.render_annotated(context) for node in self]))
  File "C:\Users\ROOT\PycharmProjects\cv_ai\venv\lib\site-packages\django\template\base.py", line 966, in render_annotated
    return self.render(context)
  File "C:\Users\ROOT\PycharmProjects\cv_ai\venv\lib\site-packages\django\template\defaulttags.py", line 472, in render
    url = reverse(view_name, args=args, kwargs=kwargs, current_app=current_app)
  File "C:\Users\ROOT\PycharmProjects\cv_ai\venv\lib\site-packages\django\urls\base.py", line 88, in reverse
    return resolver._reverse_with_prefix(view, prefix, *args, **kwargs)
  File "C:\Users\ROOT\PycharmProjects\cv_ai\venv\lib\site-packages\django\urls\resolvers.py", line 828, in _reverse_with_prefix
    raise NoReverseMatch(msg)
django.urls.exceptions.NoReverseMatch: Reverse for 'candidate_info' with arguments '('',)' not found. 1 pattern(s) tried: ['info/(?P<user>[-a-zA-Z0-9_]+)/\\Z']
ERROR:django.request:Internal Server Error: /hr/dashboard/Python developer/
Traceback (most recent call last):
  File "C:\Users\ROOT\PycharmProjects\cv_ai\venv\lib\site-packages\django\core\handlers\exception.py", line 55, in inner
    response = get_response(request)
  File "C:\Users\ROOT\PycharmProjects\cv_ai\venv\lib\site-packages\django\core\handlers\base.py", line 197, in _get_response
    response = wrapped_callback(request, *callback_args, **callback_kwargs)
  File "C:\Users\ROOT\PycharmProjects\cv_ai\venv\lib\site-packages\django\contrib\auth\decorators.py", line 23, in _wrapped_view
    return view_func(request, *args, **kwargs)
  File "C:\Users\ROOT\PycharmProjects\cv_ai\job_posting\decorators.py", line 9, in wrapper
    return view_func(request, *args, **kwargs)
  File "C:\Users\ROOT\PycharmProjects\cv_ai\job_posting\views.py", line 189, in dashboard
    return render(request, "dashboard.html", {'title': 'Dashboard',
  File "C:\Users\ROOT\PycharmProjects\cv_ai\venv\lib\site-packages\django\shortcuts.py", line 24, in render
    content = loader.render_to_string(template_name, context, request, using=using)
  File "C:\Users\ROOT\PycharmProjects\cv_ai\venv\lib\site-packages\django\template\loader.py", line 62, in render_to_string
    return template.render(context, request)
  File "C:\Users\ROOT\PycharmProjects\cv_ai\venv\lib\site-packages\django\template\backends\django.py", line 62, in render
    return self.template.render(context)
  File "C:\Users\ROOT\PycharmProjects\cv_ai\venv\lib\site-packages\django\template\base.py", line 175, in render
    return self._render(context)
  File "C:\Users\ROOT\PycharmProjects\cv_ai\venv\lib\site-packages\django\template\base.py", line 167, in _render
    return self.nodelist.render(context)
  File "C:\Users\ROOT\PycharmProjects\cv_ai\venv\lib\site-packages\django\template\base.py", line 1005, in render
    return SafeString("".join([node.render_annotated(context) for node in self]))
  File "C:\Users\ROOT\PycharmProjects\cv_ai\venv\lib\site-packages\django\template\base.py", line 1005, in <listcomp>
    return SafeString("".join([node.render_annotated(context) for node in self]))
  File "C:\Users\ROOT\PycharmProjects\cv_ai\venv\lib\site-packages\django\template\base.py", line 966, in render_annotated
    return self.render(context)
  File "C:\Users\ROOT\PycharmProjects\cv_ai\venv\lib\site-packages\django\template\loader_tags.py", line 157, in render
    return compiled_parent._render(context)
  File "C:\Users\ROOT\PycharmProjects\cv_ai\venv\lib\site-packages\django\template\base.py", line 167, in _render
    return self.nodelist.render(context)
  File "C:\Users\ROOT\PycharmProjects\cv_ai\venv\lib\site-packages\django\template\base.py", line 1005, in render
    return SafeString("".join([node.render_annotated(context) for node in self]))
  File "C:\Users\ROOT\PycharmProjects\cv_ai\venv\lib\site-packages\django\template\base.py", line 1005, in <listcomp>
    return SafeString("".join([node.render_annotated(context) for node in self]))
  File "C:\Users\ROOT\PycharmProjects\cv_ai\venv\lib\site-packages\django\template\base.py", line 966, in render_annotated
    return self.render(context)
  File "C:\Users\ROOT\PycharmProjects\cv_ai\venv\lib\site-packages\django\template\loader_tags.py", line 63, in render
    result = block.nodelist.render(context)
  File "C:\Users\ROOT\PycharmProjects\cv_ai\venv\lib\site-packages\django\template\base.py", line 1005, in render
    return SafeString("".join([node.render_annotated(context) for node in self]))
  File "C:\Users\ROOT\PycharmProjects\cv_ai\venv\lib\site-packages\django\template\base.py", line 1005, in <listcomp>
    return SafeString("".join([node.render_annotated(context) for node in self]))
  File "C:\Users\ROOT\PycharmProjects\cv_ai\venv\lib\site-packages\django\template\base.py", line 966, in render_annotated
    return self.render(context)
  File "C:\Users\ROOT\PycharmProjects\cv_ai\venv\lib\site-packages\django\template\defaulttags.py", line 322, in render
    return nodelist.render(context)
  File "C:\Users\ROOT\PycharmProjects\cv_ai\venv\lib\site-packages\django\template\base.py", line 1005, in render
    return SafeString("".join([node.render_annotated(context) for node in self]))
  File "C:\Users\ROOT\PycharmProjects\cv_ai\venv\lib\site-packages\django\template\base.py", line 1005, in <listcomp>
    return SafeString("".join([node.render_annotated(context) for node in self]))
  File "C:\Users\ROOT\PycharmProjects\cv_ai\venv\lib\site-packages\django\template\base.py", line 966, in render_annotated
    return self.render(context)
  File "C:\Users\ROOT\PycharmProjects\cv_ai\venv\lib\site-packages\django\template\defaulttags.py", line 238, in render
    nodelist.append(node.render_annotated(context))
  File "C:\Users\ROOT\PycharmProjects\cv_ai\venv\lib\site-packages\django\template\base.py", line 966, in render_annotated
    return self.render(context)
  File "C:\Users\ROOT\PycharmProjects\cv_ai\venv\lib\site-packages\django\template\defaulttags.py", line 322, in render
    return nodelist.render(context)
  File "C:\Users\ROOT\PycharmProjects\cv_ai\venv\lib\site-packages\django\template\base.py", line 1005, in render
    return SafeString("".join([node.render_annotated(context) for node in self]))
  File "C:\Users\ROOT\PycharmProjects\cv_ai\venv\lib\site-packages\django\template\base.py", line 1005, in <listcomp>
    return SafeString("".join([node.render_annotated(context) for node in self]))
  File "C:\Users\ROOT\PycharmProjects\cv_ai\venv\lib\site-packages\django\template\base.py", line 966, in render_annotated
    return self.render(context)
  File "C:\Users\ROOT\PycharmProjects\cv_ai\venv\lib\site-packages\django\template\defaulttags.py", line 472, in render
    url = reverse(view_name, args=args, kwargs=kwargs, current_app=current_app)
  File "C:\Users\ROOT\PycharmProjects\cv_ai\venv\lib\site-packages\django\urls\base.py", line 88, in reverse
    return resolver._reverse_with_prefix(view, prefix, *args, **kwargs)
  File "C:\Users\ROOT\PycharmProjects\cv_ai\venv\lib\site-packages\django\urls\resolvers.py", line 828, in _reverse_with_prefix
    raise NoReverseMatch(msg)
django.urls.exceptions.NoReverseMatch: Reverse for 'candidate' with arguments '('',)' not found. 1 pattern(s) tried: ['candidate/(?P<user>[-a-zA-Z0-9_]+)/\\Z']
ERROR:django.request:Internal Server Error: /hr/dashboard/Python developer/
Traceback (most recent call last):
  File "C:\Users\ROOT\PycharmProjects\cv_ai\venv\lib\site-packages\django\core\handlers\exception.py", line 55, in inner
    response = get_response(request)
  File "C:\Users\ROOT\PycharmProjects\cv_ai\venv\lib\site-packages\django\core\handlers\base.py", line 197, in _get_response
    response = wrapped_callback(request, *callback_args, **callback_kwargs)
  File "C:\Users\ROOT\PycharmProjects\cv_ai\venv\lib\site-packages\django\contrib\auth\decorators.py", line 23, in _wrapped_view
    return view_func(request, *args, **kwargs)
  File "C:\Users\ROOT\PycharmProjects\cv_ai\job_posting\decorators.py", line 9, in wrapper
    return view_func(request, *args, **kwargs)
  File "C:\Users\ROOT\PycharmProjects\cv_ai\job_posting\views.py", line 189, in dashboard
    return render(request, "dashboard.html", {'title': 'Dashboard',
  File "C:\Users\ROOT\PycharmProjects\cv_ai\venv\lib\site-packages\django\shortcuts.py", line 24, in render
    content = loader.render_to_string(template_name, context, request, using=using)
  File "C:\Users\ROOT\PycharmProjects\cv_ai\venv\lib\site-packages\django\template\loader.py", line 62, in render_to_string
    return template.render(context, request)
  File "C:\Users\ROOT\PycharmProjects\cv_ai\venv\lib\site-packages\django\template\backends\django.py", line 62, in render
    return self.template.render(context)
  File "C:\Users\ROOT\PycharmProjects\cv_ai\venv\lib\site-packages\django\template\base.py", line 175, in render
    return self._render(context)
  File "C:\Users\ROOT\PycharmProjects\cv_ai\venv\lib\site-packages\django\template\base.py", line 167, in _render
    return self.nodelist.render(context)
  File "C:\Users\ROOT\PycharmProjects\cv_ai\venv\lib\site-packages\django\template\base.py", line 1005, in render
    return SafeString("".join([node.render_annotated(context) for node in self]))
  File "C:\Users\ROOT\PycharmProjects\cv_ai\venv\lib\site-packages\django\template\base.py", line 1005, in <listcomp>
    return SafeString("".join([node.render_annotated(context) for node in self]))
  File "C:\Users\ROOT\PycharmProjects\cv_ai\venv\lib\site-packages\django\template\base.py", line 966, in render_annotated
    return self.render(context)
  File "C:\Users\ROOT\PycharmProjects\cv_ai\venv\lib\site-packages\django\template\loader_tags.py", line 157, in render
    return compiled_parent._render(context)
  File "C:\Users\ROOT\PycharmProjects\cv_ai\venv\lib\site-packages\django\template\base.py", line 167, in _render
    return self.nodelist.render(context)
  File "C:\Users\ROOT\PycharmProjects\cv_ai\venv\lib\site-packages\django\template\base.py", line 1005, in render
    return SafeString("".join([node.render_annotated(context) for node in self]))
  File "C:\Users\ROOT\PycharmProjects\cv_ai\venv\lib\site-packages\django\template\base.py", line 1005, in <listcomp>
    return SafeString("".join([node.render_annotated(context) for node in self]))
  File "C:\Users\ROOT\PycharmProjects\cv_ai\venv\lib\site-packages\django\template\base.py", line 966, in render_annotated
    return self.render(context)
  File "C:\Users\ROOT\PycharmProjects\cv_ai\venv\lib\site-packages\django\template\loader_tags.py", line 63, in render
    result = block.nodelist.render(context)
  File "C:\Users\ROOT\PycharmProjects\cv_ai\venv\lib\site-packages\django\template\base.py", line 1005, in render
    return SafeString("".join([node.render_annotated(context) for node in self]))
  File "C:\Users\ROOT\PycharmProjects\cv_ai\venv\lib\site-packages\django\template\base.py", line 1005, in <listcomp>
    return SafeString("".join([node.render_annotated(context) for node in self]))
  File "C:\Users\ROOT\PycharmProjects\cv_ai\venv\lib\site-packages\django\template\base.py", line 966, in render_annotated
    return self.render(context)
  File "C:\Users\ROOT\PycharmProjects\cv_ai\venv\lib\site-packages\django\template\defaulttags.py", line 322, in render
    return nodelist.render(context)
  File "C:\Users\ROOT\PycharmProjects\cv_ai\venv\lib\site-packages\django\template\base.py", line 1005, in render
    return SafeString("".join([node.render_annotated(context) for node in self]))
  File "C:\Users\ROOT\PycharmProjects\cv_ai\venv\lib\site-packages\django\template\base.py", line 1005, in <listcomp>
    return SafeString("".join([node.render_annotated(context) for node in self]))
  File "C:\Users\ROOT\PycharmProjects\cv_ai\venv\lib\site-packages\django\template\base.py", line 966, in render_annotated
    return self.render(context)
  File "C:\Users\ROOT\PycharmProjects\cv_ai\venv\lib\site-packages\django\template\defaulttags.py", line 238, in render
    nodelist.append(node.render_annotated(context))
  File "C:\Users\ROOT\PycharmProjects\cv_ai\venv\lib\site-packages\django\template\base.py", line 966, in render_annotated
    return self.render(context)
  File "C:\Users\ROOT\PycharmProjects\cv_ai\venv\lib\site-packages\django\template\defaulttags.py", line 322, in render
    return nodelist.render(context)
  File "C:\Users\ROOT\PycharmProjects\cv_ai\venv\lib\site-packages\django\template\base.py", line 1005, in render
    return SafeString("".join([node.render_annotated(context) for node in self]))
  File "C:\Users\ROOT\PycharmProjects\cv_ai\venv\lib\site-packages\django\template\base.py", line 1005, in <listcomp>
    return SafeString("".join([node.render_annotated(context) for node in self]))
  File "C:\Users\ROOT\PycharmProjects\cv_ai\venv\lib\site-packages\django\template\base.py", line 966, in render_annotated
    return self.render(context)
  File "C:\Users\ROOT\PycharmProjects\cv_ai\venv\lib\site-packages\django\template\defaulttags.py", line 472, in render
    url = reverse(view_name, args=args, kwargs=kwargs, current_app=current_app)
  File "C:\Users\ROOT\PycharmProjects\cv_ai\venv\lib\site-packages\django\urls\base.py", line 88, in reverse
    return resolver._reverse_with_prefix(view, prefix, *args, **kwargs)
  File "C:\Users\ROOT\PycharmProjects\cv_ai\venv\lib\site-packages\django\urls\resolvers.py", line 828, in _reverse_with_prefix
    raise NoReverseMatch(msg)
django.urls.exceptions.NoReverseMatch: Reverse for 'candidate' with keyword arguments '{'user': ''}' not found. 1 pattern(s) tried: ['candidate/(?P<user>[-a-zA-Z0-9_]+)/\\Z']
ERROR:django.request:Internal Server Error: /hr/dashboard/Python developer/
Traceback (most recent call last):
  File "C:\Users\ROOT\PycharmProjects\cv_ai\venv\lib\site-packages\django\core\handlers\exception.py", line 55, in inner
    response = get_response(request)
  File "C:\Users\ROOT\PycharmProjects\cv_ai\venv\lib\site-packages\django\core\handlers\base.py", line 197, in _get_response
    response = wrapped_callback(request, *callback_args, **callback_kwargs)
  File "C:\Users\ROOT\PycharmProjects\cv_ai\venv\lib\site-packages\django\contrib\auth\decorators.py", line 23, in _wrapped_view
    return view_func(request, *args, **kwargs)
  File "C:\Users\ROOT\PycharmProjects\cv_ai\job_posting\decorators.py", line 9, in wrapper
    return view_func(request, *args, **kwargs)
  File "C:\Users\ROOT\PycharmProjects\cv_ai\job_posting\views.py", line 189, in dashboard
    return render(request, "dashboard.html", {'title': 'Dashboard',
  File "C:\Users\ROOT\PycharmProjects\cv_ai\venv\lib\site-packages\django\shortcuts.py", line 24, in render
    content = loader.render_to_string(template_name, context, request, using=using)
  File "C:\Users\ROOT\PycharmProjects\cv_ai\venv\lib\site-packages\django\template\loader.py", line 62, in render_to_string
    return template.render(context, request)
  File "C:\Users\ROOT\PycharmProjects\cv_ai\venv\lib\site-packages\django\template\backends\django.py", line 62, in render
    return self.template.render(context)
  File "C:\Users\ROOT\PycharmProjects\cv_ai\venv\lib\site-packages\django\template\base.py", line 175, in render
    return self._render(context)
  File "C:\Users\ROOT\PycharmProjects\cv_ai\venv\lib\site-packages\django\template\base.py", line 167, in _render
    return self.nodelist.render(context)
  File "C:\Users\ROOT\PycharmProjects\cv_ai\venv\lib\site-packages\django\template\base.py", line 1005, in render
    return SafeString("".join([node.render_annotated(context) for node in self]))
  File "C:\Users\ROOT\PycharmProjects\cv_ai\venv\lib\site-packages\django\template\base.py", line 1005, in <listcomp>
    return SafeString("".join([node.render_annotated(context) for node in self]))
  File "C:\Users\ROOT\PycharmProjects\cv_ai\venv\lib\site-packages\django\template\base.py", line 966, in render_annotated
    return self.render(context)
  File "C:\Users\ROOT\PycharmProjects\cv_ai\venv\lib\site-packages\django\template\loader_tags.py", line 157, in render
    return compiled_parent._render(context)
  File "C:\Users\ROOT\PycharmProjects\cv_ai\venv\lib\site-packages\django\template\base.py", line 167, in _render
    return self.nodelist.render(context)
  File "C:\Users\ROOT\PycharmProjects\cv_ai\venv\lib\site-packages\django\template\base.py", line 1005, in render
    return SafeString("".join([node.render_annotated(context) for node in self]))
  File "C:\Users\ROOT\PycharmProjects\cv_ai\venv\lib\site-packages\django\template\base.py", line 1005, in <listcomp>
    return SafeString("".join([node.render_annotated(context) for node in self]))
  File "C:\Users\ROOT\PycharmProjects\cv_ai\venv\lib\site-packages\django\template\base.py", line 966, in render_annotated
    return self.render(context)
  File "C:\Users\ROOT\PycharmProjects\cv_ai\venv\lib\site-packages\django\template\loader_tags.py", line 63, in render
    result = block.nodelist.render(context)
  File "C:\Users\ROOT\PycharmProjects\cv_ai\venv\lib\site-packages\django\template\base.py", line 1005, in render
    return SafeString("".join([node.render_annotated(context) for node in self]))
  File "C:\Users\ROOT\PycharmProjects\cv_ai\venv\lib\site-packages\django\template\base.py", line 1005, in <listcomp>
    return SafeString("".join([node.render_annotated(context) for node in self]))
  File "C:\Users\ROOT\PycharmProjects\cv_ai\venv\lib\site-packages\django\template\base.py", line 966, in render_annotated
    return self.render(context)
  File "C:\Users\ROOT\PycharmProjects\cv_ai\venv\lib\site-packages\django\template\defaulttags.py", line 322, in render
    return nodelist.render(context)
  File "C:\Users\ROOT\PycharmProjects\cv_ai\venv\lib\site-packages\django\template\base.py", line 1005, in render
    return SafeString("".join([node.render_annotated(context) for node in self]))
  File "C:\Users\ROOT\PycharmProjects\cv_ai\venv\lib\site-packages\django\template\base.py", line 1005, in <listcomp>
    return SafeString("".join([node.render_annotated(context) for node in self]))
  File "C:\Users\ROOT\PycharmProjects\cv_ai\venv\lib\site-packages\django\template\base.py", line 966, in render_annotated
    return self.render(context)
  File "C:\Users\ROOT\PycharmProjects\cv_ai\venv\lib\site-packages\django\template\defaulttags.py", line 238, in render
    nodelist.append(node.render_annotated(context))
  File "C:\Users\ROOT\PycharmProjects\cv_ai\venv\lib\site-packages\django\template\base.py", line 966, in render_annotated
    return self.render(context)
  File "C:\Users\ROOT\PycharmProjects\cv_ai\venv\lib\site-packages\django\template\defaulttags.py", line 322, in render
    return nodelist.render(context)
  File "C:\Users\ROOT\PycharmProjects\cv_ai\venv\lib\site-packages\django\template\base.py", line 1005, in render
    return SafeString("".join([node.render_annotated(context) for node in self]))
  File "C:\Users\ROOT\PycharmProjects\cv_ai\venv\lib\site-packages\django\template\base.py", line 1005, in <listcomp>
    return SafeString("".join([node.render_annotated(context) for node in self]))
  File "C:\Users\ROOT\PycharmProjects\cv_ai\venv\lib\site-packages\django\template\base.py", line 966, in render_annotated
    return self.render(context)
  File "C:\Users\ROOT\PycharmProjects\cv_ai\venv\lib\site-packages\django\template\defaulttags.py", line 472, in render
    url = reverse(view_name, args=args, kwargs=kwargs, current_app=current_app)
  File "C:\Users\ROOT\PycharmProjects\cv_ai\venv\lib\site-packages\django\urls\base.py", line 88, in reverse
    return resolver._reverse_with_prefix(view, prefix, *args, **kwargs)
  File "C:\Users\ROOT\PycharmProjects\cv_ai\venv\lib\site-packages\django\urls\resolvers.py", line 828, in _reverse_with_prefix
    raise NoReverseMatch(msg)
django.urls.exceptions.NoReverseMatch: Reverse for 'candidate' with keyword arguments '{'user': '{{ cwa.username }}'}' not found. 1 pattern(s) tried: ['candidate/(?P<user>[-a-zA-Z0-9_]+)/\\Z']
ERROR:django.request:Internal Server Error: /hr/dashboard/Python developer/
Traceback (most recent call last):
  File "C:\Users\ROOT\PycharmProjects\cv_ai\venv\lib\site-packages\django\core\handlers\exception.py", line 55, in inner
    response = get_response(request)
  File "C:\Users\ROOT\PycharmProjects\cv_ai\venv\lib\site-packages\django\core\handlers\base.py", line 197, in _get_response
    response = wrapped_callback(request, *callback_args, **callback_kwargs)
  File "C:\Users\ROOT\PycharmProjects\cv_ai\venv\lib\site-packages\django\contrib\auth\decorators.py", line 23, in _wrapped_view
    return view_func(request, *args, **kwargs)
  File "C:\Users\ROOT\PycharmProjects\cv_ai\job_posting\decorators.py", line 9, in wrapper
    return view_func(request, *args, **kwargs)
  File "C:\Users\ROOT\PycharmProjects\cv_ai\job_posting\views.py", line 189, in dashboard
    return render(request, "dashboard.html", {'title': 'Dashboard',
  File "C:\Users\ROOT\PycharmProjects\cv_ai\venv\lib\site-packages\django\shortcuts.py", line 24, in render
    content = loader.render_to_string(template_name, context, request, using=using)
  File "C:\Users\ROOT\PycharmProjects\cv_ai\venv\lib\site-packages\django\template\loader.py", line 61, in render_to_string
    template = get_template(template_name, using=using)
  File "C:\Users\ROOT\PycharmProjects\cv_ai\venv\lib\site-packages\django\template\loader.py", line 15, in get_template
    return engine.get_template(template_name)
  File "C:\Users\ROOT\PycharmProjects\cv_ai\venv\lib\site-packages\django\template\backends\django.py", line 34, in get_template
    return Template(self.engine.get_template(template_name), self)
  File "C:\Users\ROOT\PycharmProjects\cv_ai\venv\lib\site-packages\django\template\engine.py", line 175, in get_template
    template, origin = self.find_template(template_name)
  File "C:\Users\ROOT\PycharmProjects\cv_ai\venv\lib\site-packages\django\template\engine.py", line 157, in find_template
    template = loader.get_template(name, skip=skip)
  File "C:\Users\ROOT\PycharmProjects\cv_ai\venv\lib\site-packages\django\template\loaders\cached.py", line 57, in get_template
    template = super().get_template(template_name, skip)
  File "C:\Users\ROOT\PycharmProjects\cv_ai\venv\lib\site-packages\django\template\loaders\base.py", line 28, in get_template
    return Template(
  File "C:\Users\ROOT\PycharmProjects\cv_ai\venv\lib\site-packages\django\template\base.py", line 154, in __init__
    self.nodelist = self.compile_nodelist()
  File "C:\Users\ROOT\PycharmProjects\cv_ai\venv\lib\site-packages\django\template\base.py", line 200, in compile_nodelist
    return parser.parse()
  File "C:\Users\ROOT\PycharmProjects\cv_ai\venv\lib\site-packages\django\template\base.py", line 513, in parse
    raise self.error(token, e)
  File "C:\Users\ROOT\PycharmProjects\cv_ai\venv\lib\site-packages\django\template\base.py", line 511, in parse
    compiled_result = compile_func(self, token)
  File "C:\Users\ROOT\PycharmProjects\cv_ai\venv\lib\site-packages\django\template\loader_tags.py", line 293, in do_extends
    nodelist = parser.parse()
  File "C:\Users\ROOT\PycharmProjects\cv_ai\venv\lib\site-packages\django\template\base.py", line 513, in parse
    raise self.error(token, e)
  File "C:\Users\ROOT\PycharmProjects\cv_ai\venv\lib\site-packages\django\template\base.py", line 511, in parse
    compiled_result = compile_func(self, token)
  File "C:\Users\ROOT\PycharmProjects\cv_ai\venv\lib\site-packages\django\template\loader_tags.py", line 232, in do_block
    nodelist = parser.parse(("endblock",))
  File "C:\Users\ROOT\PycharmProjects\cv_ai\venv\lib\site-packages\django\template\base.py", line 513, in parse
    raise self.error(token, e)
  File "C:\Users\ROOT\PycharmProjects\cv_ai\venv\lib\site-packages\django\template\base.py", line 511, in parse
    compiled_result = compile_func(self, token)
  File "C:\Users\ROOT\PycharmProjects\cv_ai\venv\lib\site-packages\django\template\defaulttags.py", line 954, in do_if
    nodelist = parser.parse(("elif", "else", "endif"))
  File "C:\Users\ROOT\PycharmProjects\cv_ai\venv\lib\site-packages\django\template\base.py", line 513, in parse
    raise self.error(token, e)
  File "C:\Users\ROOT\PycharmProjects\cv_ai\venv\lib\site-packages\django\template\base.py", line 511, in parse
    compiled_result = compile_func(self, token)
  File "C:\Users\ROOT\PycharmProjects\cv_ai\venv\lib\site-packages\django\template\defaulttags.py", line 854, in do_for
    nodelist_loop = parser.parse(
  File "C:\Users\ROOT\PycharmProjects\cv_ai\venv\lib\site-packages\django\template\base.py", line 513, in parse
    raise self.error(token, e)
  File "C:\Users\ROOT\PycharmProjects\cv_ai\venv\lib\site-packages\django\template\base.py", line 511, in parse
    compiled_result = compile_func(self, token)
  File "C:\Users\ROOT\PycharmProjects\cv_ai\venv\lib\site-packages\django\template\defaulttags.py", line 954, in do_if
    nodelist = parser.parse(("elif", "else", "endif"))
  File "C:\Users\ROOT\PycharmProjects\cv_ai\venv\lib\site-packages\django\template\base.py", line 513, in parse
    raise self.error(token, e)
  File "C:\Users\ROOT\PycharmProjects\cv_ai\venv\lib\site-packages\django\template\base.py", line 511, in parse
    compiled_result = compile_func(self, token)
  File "C:\Users\ROOT\PycharmProjects\cv_ai\venv\lib\site-packages\django\template\defaulttags.py", line 1388, in url
    kwargs[name] = parser.compile_filter(value)
  File "C:\Users\ROOT\PycharmProjects\cv_ai\venv\lib\site-packages\django\template\base.py", line 600, in compile_filter
    return FilterExpression(token, self)
  File "C:\Users\ROOT\PycharmProjects\cv_ai\venv\lib\site-packages\django\template\base.py", line 703, in __init__
    raise TemplateSyntaxError(
django.template.exceptions.TemplateSyntaxError: Could not parse the remainder: '{{' from '{{'
ERROR:django.request:Internal Server Error: /hr/dashboard/Python developer/
Traceback (most recent call last):
  File "C:\Users\ROOT\PycharmProjects\cv_ai\venv\lib\site-packages\django\core\handlers\exception.py", line 55, in inner
    response = get_response(request)
  File "C:\Users\ROOT\PycharmProjects\cv_ai\venv\lib\site-packages\django\core\handlers\base.py", line 197, in _get_response
    response = wrapped_callback(request, *callback_args, **callback_kwargs)
  File "C:\Users\ROOT\PycharmProjects\cv_ai\venv\lib\site-packages\django\contrib\auth\decorators.py", line 23, in _wrapped_view
    return view_func(request, *args, **kwargs)
  File "C:\Users\ROOT\PycharmProjects\cv_ai\job_posting\decorators.py", line 9, in wrapper
    return view_func(request, *args, **kwargs)
  File "C:\Users\ROOT\PycharmProjects\cv_ai\job_posting\views.py", line 189, in dashboard
    return render(request, "dashboard.html", {'title': 'Dashboard',
  File "C:\Users\ROOT\PycharmProjects\cv_ai\venv\lib\site-packages\django\shortcuts.py", line 24, in render
    content = loader.render_to_string(template_name, context, request, using=using)
  File "C:\Users\ROOT\PycharmProjects\cv_ai\venv\lib\site-packages\django\template\loader.py", line 62, in render_to_string
    return template.render(context, request)
  File "C:\Users\ROOT\PycharmProjects\cv_ai\venv\lib\site-packages\django\template\backends\django.py", line 62, in render
    return self.template.render(context)
  File "C:\Users\ROOT\PycharmProjects\cv_ai\venv\lib\site-packages\django\template\base.py", line 175, in render
    return self._render(context)
  File "C:\Users\ROOT\PycharmProjects\cv_ai\venv\lib\site-packages\django\template\base.py", line 167, in _render
    return self.nodelist.render(context)
  File "C:\Users\ROOT\PycharmProjects\cv_ai\venv\lib\site-packages\django\template\base.py", line 1005, in render
    return SafeString("".join([node.render_annotated(context) for node in self]))
  File "C:\Users\ROOT\PycharmProjects\cv_ai\venv\lib\site-packages\django\template\base.py", line 1005, in <listcomp>
    return SafeString("".join([node.render_annotated(context) for node in self]))
  File "C:\Users\ROOT\PycharmProjects\cv_ai\venv\lib\site-packages\django\template\base.py", line 966, in render_annotated
    return self.render(context)
  File "C:\Users\ROOT\PycharmProjects\cv_ai\venv\lib\site-packages\django\template\loader_tags.py", line 157, in render
    return compiled_parent._render(context)
  File "C:\Users\ROOT\PycharmProjects\cv_ai\venv\lib\site-packages\django\template\base.py", line 167, in _render
    return self.nodelist.render(context)
  File "C:\Users\ROOT\PycharmProjects\cv_ai\venv\lib\site-packages\django\template\base.py", line 1005, in render
    return SafeString("".join([node.render_annotated(context) for node in self]))
  File "C:\Users\ROOT\PycharmProjects\cv_ai\venv\lib\site-packages\django\template\base.py", line 1005, in <listcomp>
    return SafeString("".join([node.render_annotated(context) for node in self]))
  File "C:\Users\ROOT\PycharmProjects\cv_ai\venv\lib\site-packages\django\template\base.py", line 966, in render_annotated
    return self.render(context)
  File "C:\Users\ROOT\PycharmProjects\cv_ai\venv\lib\site-packages\django\template\loader_tags.py", line 63, in render
    result = block.nodelist.render(context)
  File "C:\Users\ROOT\PycharmProjects\cv_ai\venv\lib\site-packages\django\template\base.py", line 1005, in render
    return SafeString("".join([node.render_annotated(context) for node in self]))
  File "C:\Users\ROOT\PycharmProjects\cv_ai\venv\lib\site-packages\django\template\base.py", line 1005, in <listcomp>
    return SafeString("".join([node.render_annotated(context) for node in self]))
  File "C:\Users\ROOT\PycharmProjects\cv_ai\venv\lib\site-packages\django\template\base.py", line 966, in render_annotated
    return self.render(context)
  File "C:\Users\ROOT\PycharmProjects\cv_ai\venv\lib\site-packages\django\template\defaulttags.py", line 322, in render
    return nodelist.render(context)
  File "C:\Users\ROOT\PycharmProjects\cv_ai\venv\lib\site-packages\django\template\base.py", line 1005, in render
    return SafeString("".join([node.render_annotated(context) for node in self]))
  File "C:\Users\ROOT\PycharmProjects\cv_ai\venv\lib\site-packages\django\template\base.py", line 1005, in <listcomp>
    return SafeString("".join([node.render_annotated(context) for node in self]))
  File "C:\Users\ROOT\PycharmProjects\cv_ai\venv\lib\site-packages\django\template\base.py", line 966, in render_annotated
    return self.render(context)
  File "C:\Users\ROOT\PycharmProjects\cv_ai\venv\lib\site-packages\django\template\defaulttags.py", line 238, in render
    nodelist.append(node.render_annotated(context))
  File "C:\Users\ROOT\PycharmProjects\cv_ai\venv\lib\site-packages\django\template\base.py", line 966, in render_annotated
    return self.render(context)
  File "C:\Users\ROOT\PycharmProjects\cv_ai\venv\lib\site-packages\django\template\defaulttags.py", line 322, in render
    return nodelist.render(context)
  File "C:\Users\ROOT\PycharmProjects\cv_ai\venv\lib\site-packages\django\template\base.py", line 1005, in render
    return SafeString("".join([node.render_annotated(context) for node in self]))
  File "C:\Users\ROOT\PycharmProjects\cv_ai\venv\lib\site-packages\django\template\base.py", line 1005, in <listcomp>
    return SafeString("".join([node.render_annotated(context) for node in self]))
  File "C:\Users\ROOT\PycharmProjects\cv_ai\venv\lib\site-packages\django\template\base.py", line 966, in render_annotated
    return self.render(context)
  File "C:\Users\ROOT\PycharmProjects\cv_ai\venv\lib\site-packages\django\template\defaulttags.py", line 472, in render
    url = reverse(view_name, args=args, kwargs=kwargs, current_app=current_app)
  File "C:\Users\ROOT\PycharmProjects\cv_ai\venv\lib\site-packages\django\urls\base.py", line 88, in reverse
    return resolver._reverse_with_prefix(view, prefix, *args, **kwargs)
  File "C:\Users\ROOT\PycharmProjects\cv_ai\venv\lib\site-packages\django\urls\resolvers.py", line 828, in _reverse_with_prefix
    raise NoReverseMatch(msg)
django.urls.exceptions.NoReverseMatch: Reverse for 'candidate' with keyword arguments '{'user': 'cwa.username'}' not found. 1 pattern(s) tried: ['candidate/(?P<user>[-a-zA-Z0-9_]+)/\\Z']
ERROR:django.request:Internal Server Error: /hr/dashboard/Python developer/
Traceback (most recent call last):
  File "C:\Users\ROOT\PycharmProjects\cv_ai\venv\lib\site-packages\django\core\handlers\exception.py", line 55, in inner
    response = get_response(request)
  File "C:\Users\ROOT\PycharmProjects\cv_ai\venv\lib\site-packages\django\core\handlers\base.py", line 197, in _get_response
    response = wrapped_callback(request, *callback_args, **callback_kwargs)
  File "C:\Users\ROOT\PycharmProjects\cv_ai\venv\lib\site-packages\django\contrib\auth\decorators.py", line 23, in _wrapped_view
    return view_func(request, *args, **kwargs)
  File "C:\Users\ROOT\PycharmProjects\cv_ai\job_posting\decorators.py", line 9, in wrapper
    return view_func(request, *args, **kwargs)
  File "C:\Users\ROOT\PycharmProjects\cv_ai\job_posting\views.py", line 189, in dashboard
    return render(request, "dashboard.html", {'title': 'Dashboard',
  File "C:\Users\ROOT\PycharmProjects\cv_ai\venv\lib\site-packages\django\shortcuts.py", line 24, in render
    content = loader.render_to_string(template_name, context, request, using=using)
  File "C:\Users\ROOT\PycharmProjects\cv_ai\venv\lib\site-packages\django\template\loader.py", line 62, in render_to_string
    return template.render(context, request)
  File "C:\Users\ROOT\PycharmProjects\cv_ai\venv\lib\site-packages\django\template\backends\django.py", line 62, in render
    return self.template.render(context)
  File "C:\Users\ROOT\PycharmProjects\cv_ai\venv\lib\site-packages\django\template\base.py", line 175, in render
    return self._render(context)
  File "C:\Users\ROOT\PycharmProjects\cv_ai\venv\lib\site-packages\django\template\base.py", line 167, in _render
    return self.nodelist.render(context)
  File "C:\Users\ROOT\PycharmProjects\cv_ai\venv\lib\site-packages\django\template\base.py", line 1005, in render
    return SafeString("".join([node.render_annotated(context) for node in self]))
  File "C:\Users\ROOT\PycharmProjects\cv_ai\venv\lib\site-packages\django\template\base.py", line 1005, in <listcomp>
    return SafeString("".join([node.render_annotated(context) for node in self]))
  File "C:\Users\ROOT\PycharmProjects\cv_ai\venv\lib\site-packages\django\template\base.py", line 966, in render_annotated
    return self.render(context)
  File "C:\Users\ROOT\PycharmProjects\cv_ai\venv\lib\site-packages\django\template\loader_tags.py", line 157, in render
    return compiled_parent._render(context)
  File "C:\Users\ROOT\PycharmProjects\cv_ai\venv\lib\site-packages\django\template\base.py", line 167, in _render
    return self.nodelist.render(context)
  File "C:\Users\ROOT\PycharmProjects\cv_ai\venv\lib\site-packages\django\template\base.py", line 1005, in render
    return SafeString("".join([node.render_annotated(context) for node in self]))
  File "C:\Users\ROOT\PycharmProjects\cv_ai\venv\lib\site-packages\django\template\base.py", line 1005, in <listcomp>
    return SafeString("".join([node.render_annotated(context) for node in self]))
  File "C:\Users\ROOT\PycharmProjects\cv_ai\venv\lib\site-packages\django\template\base.py", line 966, in render_annotated
    return self.render(context)
  File "C:\Users\ROOT\PycharmProjects\cv_ai\venv\lib\site-packages\django\template\loader_tags.py", line 63, in render
    result = block.nodelist.render(context)
  File "C:\Users\ROOT\PycharmProjects\cv_ai\venv\lib\site-packages\django\template\base.py", line 1005, in render
    return SafeString("".join([node.render_annotated(context) for node in self]))
  File "C:\Users\ROOT\PycharmProjects\cv_ai\venv\lib\site-packages\django\template\base.py", line 1005, in <listcomp>
    return SafeString("".join([node.render_annotated(context) for node in self]))
  File "C:\Users\ROOT\PycharmProjects\cv_ai\venv\lib\site-packages\django\template\base.py", line 966, in render_annotated
    return self.render(context)
  File "C:\Users\ROOT\PycharmProjects\cv_ai\venv\lib\site-packages\django\template\defaulttags.py", line 322, in render
    return nodelist.render(context)
  File "C:\Users\ROOT\PycharmProjects\cv_ai\venv\lib\site-packages\django\template\base.py", line 1005, in render
    return SafeString("".join([node.render_annotated(context) for node in self]))
  File "C:\Users\ROOT\PycharmProjects\cv_ai\venv\lib\site-packages\django\template\base.py", line 1005, in <listcomp>
    return SafeString("".join([node.render_annotated(context) for node in self]))
  File "C:\Users\ROOT\PycharmProjects\cv_ai\venv\lib\site-packages\django\template\base.py", line 966, in render_annotated
    return self.render(context)
  File "C:\Users\ROOT\PycharmProjects\cv_ai\venv\lib\site-packages\django\template\defaulttags.py", line 238, in render
    nodelist.append(node.render_annotated(context))
  File "C:\Users\ROOT\PycharmProjects\cv_ai\venv\lib\site-packages\django\template\base.py", line 966, in render_annotated
    return self.render(context)
  File "C:\Users\ROOT\PycharmProjects\cv_ai\venv\lib\site-packages\django\template\defaulttags.py", line 322, in render
    return nodelist.render(context)
  File "C:\Users\ROOT\PycharmProjects\cv_ai\venv\lib\site-packages\django\template\base.py", line 1005, in render
    return SafeString("".join([node.render_annotated(context) for node in self]))
  File "C:\Users\ROOT\PycharmProjects\cv_ai\venv\lib\site-packages\django\template\base.py", line 1005, in <listcomp>
    return SafeString("".join([node.render_annotated(context) for node in self]))
  File "C:\Users\ROOT\PycharmProjects\cv_ai\venv\lib\site-packages\django\template\base.py", line 966, in render_annotated
    return self.render(context)
  File "C:\Users\ROOT\PycharmProjects\cv_ai\venv\lib\site-packages\django\template\defaulttags.py", line 472, in render
    url = reverse(view_name, args=args, kwargs=kwargs, current_app=current_app)
  File "C:\Users\ROOT\PycharmProjects\cv_ai\venv\lib\site-packages\django\urls\base.py", line 88, in reverse
    return resolver._reverse_with_prefix(view, prefix, *args, **kwargs)
  File "C:\Users\ROOT\PycharmProjects\cv_ai\venv\lib\site-packages\django\urls\resolvers.py", line 828, in _reverse_with_prefix
    raise NoReverseMatch(msg)
django.urls.exceptions.NoReverseMatch: Reverse for 'candidate' with keyword arguments '{'user': ''}' not found. 1 pattern(s) tried: ['candidate/(?P<user>[-a-zA-Z0-9_]+)/\\Z']
INFO:django.utils.autoreload:C:\Users\ROOT\PycharmProjects\cv_ai\job_posting\models.py changed, reloading.
INFO:job_posting.views:function: home, msg:list index out of range
INFO:job_posting.views:function: home, msg:list index out of range
INFO:django.utils.autoreload:C:\Users\ROOT\PycharmProjects\cv_ai\job_posting\views.py changed, reloading.
INFO:job_posting.views:function: home, msg:list index out of range
INFO:job_posting.views:function: home, msg:list index out of range
INFO:job_posting.views:function: home, msg:list index out of range
INFO:job_posting.views:function: home, msg:list index out of range
